<?xml version="1.0" encoding="UTF-8"?>
<!-- Generated by org.testng.reporters.JUnitReportReporter -->
<testsuite hostname="Sathishsrinivas" failures="0" tests="5" name="Methods.program2" time="0.013" errors="0" timestamp="2022-11-08T11:01:27 IST" skipped="1">
  <testcase classname="Methods.program2" name="pro_details" time="0.011"/>
  <system-out/>
  <testcase classname="Methods.program2" name="customer_details" time="0.001"/>
  <system-out/>
  <testcase classname="Methods.program2" name="open_browser" time="0.001"/>
  <system-out/>
  <testcase classname="Methods.program2" name="patient_details" time="0.000"/>
  <system-out/>
  <testcase classname="Methods.program2" name="product_details">
    <skipped/>
  </testcase> <!-- product_details -->
  <system-out/>
</testsuite> <!-- Methods.program2 -->
