<?xml version="1.0" encoding="UTF-8"?>
<!-- Generated by org.testng.reporters.JUnitReportReporter -->
<testsuite hostname="Sathishsrinivas" failures="0" tests="3" name="multipleclassesexample.class2" time="0.417" errors="0" timestamp="2022-11-08T11:46:07 IST" skipped="0">
  <testcase classname="multipleclassesexample.class2" name="title" time="0.019"/>
  <system-out/>
  <testcase classname="multipleclassesexample.class2" name="url" time="0.010"/>
  <system-out/>
  <testcase classname="multipleclassesexample.class2" name="dropdown" time="0.388"/>
  <system-out/>
</testsuite> <!-- multipleclassesexample.class2 -->
