<?xml version="1.0" encoding="UTF-8"?>
<!-- Generated by org.testng.reporters.JUnitReportReporter -->
<testsuite hostname="Sathishsrinivas" failures="0" tests="4" name="multipleclassesexample.class3" time="0.951" errors="0" timestamp="2022-11-08T12:08:09 IST" skipped="0">
  <testcase classname="multipleclassesexample.class3" name="title" time="0.018"/>
  <system-out/>
  <testcase classname="multipleclassesexample.class3" name="url" time="0.021"/>
  <system-out/>
  <testcase classname="multipleclassesexample.class3" name="dropdown" time="0.419"/>
  <system-out/>
  <testcase classname="multipleclassesexample.class3" name="screenshot" time="0.493"/>
  <system-out/>
</testsuite> <!-- multipleclassesexample.class3 -->
