<?xml version="1.0" encoding="UTF-8"?>
<!-- Generated by org.testng.reporters.JUnitReportReporter -->
<testsuite hostname="Sathishsrinivas" failures="0" tests="2" name="multipleclassesexample.class1" time="4.434" errors="0" timestamp="2022-11-08T11:48:34 IST" skipped="0">
  <testcase classname="multipleclassesexample.class1" name="opening_browser" time="4.425"/>
  <system-out/>
  <testcase classname="multipleclassesexample.class1" name="title" time="0.009"/>
  <system-out/>
</testsuite> <!-- multipleclassesexample.class1 -->
