<?xml version="1.0" encoding="UTF-8"?>
<!-- Generated by org.testng.reporters.JUnitReportReporter -->
<testsuite hostname="Sathishsrinivas" failures="0" tests="1" name="multipleclasses.class2" time="0.001" errors="0" timestamp="2022-11-08T12:02:49 IST" skipped="0">
  <testcase classname="multipleclasses.class2" name="delivery_details" time="0.001"/>
  <system-out/>
</testsuite> <!-- multipleclasses.class2 -->
