<?xml version="1.0" encoding="UTF-8"?>
<!-- Generated by org.testng.reporters.JUnitReportReporter -->
<testsuite hostname="Sathishsrinivas" failures="0" tests="2" name="multipleclasses.class1" time="0.000" errors="0" timestamp="2022-11-08T12:02:49 IST" skipped="0">
  <testcase classname="multipleclasses.class1" name="login" time="0.000"/>
  <system-out/>
  <testcase classname="multipleclasses.class1" name="cust_details" time="0.000"/>
  <system-out/>
</testsuite> <!-- multipleclasses.class1 -->
