<?xml version="1.0" encoding="UTF-8"?>
<!-- Generated by org.testng.reporters.JUnitReportReporter -->
<testsuite hostname="Sathishsrinivas" failures="0" tests="2" name="multipleclasses.class3" time="0.007" errors="0" timestamp="2022-11-08T12:02:49 IST" skipped="0">
  <testcase classname="multipleclasses.class3" name="feedback_details" time="0.006"/>
  <system-out/>
  <testcase classname="multipleclasses.class3" name="close" time="0.001"/>
  <system-out/>
</testsuite> <!-- multipleclasses.class3 -->
