<?xml version="1.0" encoding="UTF-8"?>
<!-- Generated by org.testng.reporters.JUnitReportReporter -->
<testsuite hostname="Sathishsrinivas" failures="0" tests="3" name="Methods.program3" time="0.016" errors="0" timestamp="2022-11-08T11:01:27 IST" skipped="1">
  <testcase classname="Methods.program3" name="url" time="0.007"/>
  <system-out/>
  <testcase classname="Methods.program3" name="title" time="0.009"/>
  <system-out/>
  <testcase classname="Methods.program3" name="screenshot">
    <skipped/>
  </testcase> <!-- screenshot -->
  <system-out/>
</testsuite> <!-- Methods.program3 -->
